0 info it worked if it ends with ok
1 verbose cli [ '/home/florentin/.nvm/versions/node/v6.9.1/bin/node',
1 verbose cli   '/home/florentin/.nvm/versions/node/v6.9.1/bin/npm',
1 verbose cli   'publish',
1 verbose cli   '.' ]
2 info using npm@3.10.8
3 info using node@v6.9.1
4 verbose publish [ '.' ]
5 silly cache add args [ '.', null ]
6 verbose cache add spec .
7 silly cache add parsed spec Result {
7 silly cache add   raw: '.',
7 silly cache add   scope: null,
7 silly cache add   escapedName: null,
7 silly cache add   name: null,
7 silly cache add   rawSpec: '.',
7 silly cache add   spec: '/home/florentin/github/FlorentinDUBOIS/winston-printit',
7 silly cache add   type: 'directory' }
8 verbose addLocalDirectory /home/florentin/.npm/winston-printit/1.1.2/package.tgz not in flight; packing
9 verbose correctMkdir /home/florentin/.npm correctMkdir not in flight; initializing
10 info lifecycle winston-printit@1.1.2~prepublish: winston-printit@1.1.2
11 silly lifecycle winston-printit@1.1.2~prepublish: no script for prepublish, continuing
12 verbose tar pack [ '/home/florentin/.npm/winston-printit/1.1.2/package.tgz',
12 verbose tar pack   '/home/florentin/github/FlorentinDUBOIS/winston-printit' ]
13 verbose tarball /home/florentin/.npm/winston-printit/1.1.2/package.tgz
14 verbose folder /home/florentin/github/FlorentinDUBOIS/winston-printit
15 verbose addLocalTarball adding from inside cache /home/florentin/.npm/winston-printit/1.1.2/package.tgz
16 verbose correctMkdir /home/florentin/.npm correctMkdir not in flight; initializing
17 silly cache afterAdd winston-printit@1.1.2
18 verbose afterAdd /home/florentin/.npm/winston-printit/1.1.2/package/package.json not in flight; writing
19 verbose correctMkdir /home/florentin/.npm correctMkdir not in flight; initializing
20 verbose afterAdd /home/florentin/.npm/winston-printit/1.1.2/package/package.json written
21 silly publish { name: 'winston-printit',
21 silly publish   version: '1.1.2',
21 silly publish   description: 'A winston transport layer based on printit',
21 silly publish   main: 'dist/index.js',
21 silly publish   scripts: { test: 'gulp test', build: 'gulp babel', dev: 'gulp watch' },
21 silly publish   repository:
21 silly publish    { url: 'git+ssh://git@github.com/FlorentinDUBOIS/winston-printit.git',
21 silly publish      type: 'git' },
21 silly publish   author:
21 silly publish    { name: 'Florentin DUBOIS',
21 silly publish      email: 'contact@florentin-dubois.fr' },
21 silly publish   license: 'MIT',
21 silly publish   dependencies: { printit: '^0.1.20' },
21 silly publish   devDependencies:
21 silly publish    { 'babel-preset-es2015': '^6.16.0',
21 silly publish      eslint: '^3.8.1',
21 silly publish      'eslint-config-google': '^0.7.0',
21 silly publish      gulp: '^3.9.1',
21 silly publish      'gulp-babel': '^6.1.2',
21 silly publish      'gulp-eslint': '^3.0.1',
21 silly publish      'gulp-load-plugins': '^1.3.0',
21 silly publish      'gulp-plumber': '^1.1.0' },
21 silly publish   readme: '# winston-printit\n\n## Main goal\n\nThe main is to provide a beautiful print in your console\n\n## Usage\n\n```javascript\nlet winston = require(\'winston\');\nlet Console = require(\'winston-printit\');\n\nlet logger = new winston.Logger({\n  transports: [\n    new Console({\n      date: true, // can be null\n      prefix: \'appName\' // can be null\n    });\n  ]\n});\n```\n',
21 silly publish   readmeFilename: 'README.md',
21 silly publish   gitHead: 'b1c42ad2b9231916f7341d80e5b0835e52dc5efc',
21 silly publish   bugs: { url: 'https://github.com/FlorentinDUBOIS/winston-printit/issues' },
21 silly publish   homepage: 'https://github.com/FlorentinDUBOIS/winston-printit#readme',
21 silly publish   _id: 'winston-printit@1.1.2',
21 silly publish   _shasum: 'ce43614c82b04fc2a3a606569fb791d1d9d88968',
21 silly publish   _from: '.' }
22 verbose getPublishConfig undefined
23 silly mapToRegistry name winston-printit
24 silly mapToRegistry using default registry
25 silly mapToRegistry registry https://registry.npmjs.org/
26 silly mapToRegistry data Result {
26 silly mapToRegistry   raw: 'winston-printit',
26 silly mapToRegistry   scope: null,
26 silly mapToRegistry   escapedName: 'winston-printit',
26 silly mapToRegistry   name: 'winston-printit',
26 silly mapToRegistry   rawSpec: '',
26 silly mapToRegistry   spec: 'latest',
26 silly mapToRegistry   type: 'tag' }
27 silly mapToRegistry uri https://registry.npmjs.org/winston-printit
28 verbose publish registryBase https://registry.npmjs.org/
29 silly publish uploading /home/florentin/.npm/winston-printit/1.1.2/package.tgz
30 verbose request uri https://registry.npmjs.org/winston-printit
31 verbose request sending authorization for write operation
32 info attempt registry request try #1 at 19:19:15
33 verbose request using bearer token for auth
34 verbose request id d6e68b2983285b71
35 http request PUT https://registry.npmjs.org/winston-printit
36 http 403 https://registry.npmjs.org/winston-printit
37 verbose headers { 'content-type': 'application/json',
37 verbose headers   'cache-control': 'max-age=300',
37 verbose headers   'content-length': '95',
37 verbose headers   'accept-ranges': 'bytes',
37 verbose headers   date: 'Sat, 22 Oct 2016 17:19:16 GMT',
37 verbose headers   via: '1.1 varnish',
37 verbose headers   connection: 'keep-alive',
37 verbose headers   'x-served-by': 'cache-cdg8724-CDG',
37 verbose headers   'x-cache': 'MISS',
37 verbose headers   'x-cache-hits': '0',
37 verbose headers   'x-timer': 'S1477156755.710203,VS0,VE1048',
37 verbose headers   vary: 'Accept-Encoding' }
38 verbose request invalidating /home/florentin/.npm/registry.npmjs.org/winston-printit on PUT
39 error publish Failed PUT 403
40 verbose stack Error: "You cannot publish over the previously published version 1.1.2." : winston-printit
40 verbose stack     at makeError (/home/florentin/.nvm/versions/node/v6.9.1/lib/node_modules/npm/node_modules/npm-registry-client/lib/request.js:302:12)
40 verbose stack     at CachingRegistryClient.<anonymous> (/home/florentin/.nvm/versions/node/v6.9.1/lib/node_modules/npm/node_modules/npm-registry-client/lib/request.js:290:14)
40 verbose stack     at Request._callback (/home/florentin/.nvm/versions/node/v6.9.1/lib/node_modules/npm/node_modules/npm-registry-client/lib/request.js:210:14)
40 verbose stack     at Request.self.callback (/home/florentin/.nvm/versions/node/v6.9.1/lib/node_modules/npm/node_modules/request/request.js:187:22)
40 verbose stack     at emitTwo (events.js:106:13)
40 verbose stack     at Request.emit (events.js:191:7)
40 verbose stack     at Request.<anonymous> (/home/florentin/.nvm/versions/node/v6.9.1/lib/node_modules/npm/node_modules/request/request.js:1044:10)
40 verbose stack     at emitOne (events.js:96:13)
40 verbose stack     at Request.emit (events.js:188:7)
40 verbose stack     at IncomingMessage.<anonymous> (/home/florentin/.nvm/versions/node/v6.9.1/lib/node_modules/npm/node_modules/request/request.js:965:12)
41 verbose statusCode 403
42 verbose pkgid winston-printit
43 verbose cwd /home/florentin/github/FlorentinDUBOIS/winston-printit
44 error Linux 4.7.6-1-zen
45 error argv "/home/florentin/.nvm/versions/node/v6.9.1/bin/node" "/home/florentin/.nvm/versions/node/v6.9.1/bin/npm" "publish" "."
46 error node v6.9.1
47 error npm  v3.10.8
48 error code E403
49 error "You cannot publish over the previously published version 1.1.2." : winston-printit
50 error If you need help, you may report this error at:
50 error     <https://github.com/npm/npm/issues>
51 verbose exit [ 1, true ]
